Command line:
   muxRFDest_isim_beh.exe
     -simmode  gui
     -simrunnum  0
     -socket  64979

Mon May 16 23:25:54 2016


 Elaboration Time: 0.0624 sec

 Current Memory Usage: 659.763 Meg

 Total Signals          : 4
 Total Nets             : 19
 Total Signal Drivers   : 1
 Total Blocks           : 2
 Total Primitive Blocks : 2
 Total Processes        : 1
 Total Traceable Variables  : 8
 Total Scalar Nets and Variables : 379
Total Line Count : 4

 Total Simulation Time: 0.0624 sec

 Current Memory Usage: 659.763 Meg

Mon May 16 23:26:01 2016

