Running: C:\Xilinx\14.7\ISE_DS\ISE\bin\nt64\unwrapped\fuse.exe -intstyle ise -incremental -o C:/Users/utp.CRIE/Desktop/procesado2/TB_Pr2_isim_beh.exe -prj C:/Users/utp.CRIE/Desktop/procesado2/TB_Pr2_beh.prj work.TB_Pr2 
ISim P.20131013 (signature 0x7708f090)
Number of CPUs detected in this system: 8
Turning on mult-threading, number of parallel sub-compilation jobs: 16 
Determining compilation order of HDL files
Parsing VHDL file "C:/Users/utp.CRIE/Desktop/procesado2/SEU.vhd" into library work
Parsing VHDL file "C:/Users/utp.CRIE/Desktop/procesado2/RF.vhd" into library work
Parsing VHDL file "C:/Users/utp.CRIE/Desktop/procesado2/PC.vhd" into library work
Parsing VHDL file "C:/Users/utp.CRIE/Desktop/procesado2/nPC.vhd" into library work
Parsing VHDL file "C:/Users/utp.CRIE/Desktop/procesado2/MUX.vhd" into library work
Parsing VHDL file "C:/Users/utp.CRIE/Desktop/procesado2/IM.vhd" into library work
Parsing VHDL file "C:/Users/utp.CRIE/Desktop/procesado2/CU.vhd" into library work
Parsing VHDL file "C:/Users/utp.CRIE/Desktop/procesado2/ALU.vhd" into library work
Parsing VHDL file "C:/Users/utp.CRIE/Desktop/procesado2/add.vhd" into library work
Parsing VHDL file "C:/Users/utp.CRIE/Desktop/procesado2/Procesador2.vhd" into library work
Parsing VHDL file "C:/Users/utp.CRIE/Desktop/procesado2/TB_Pr2.vhd" into library work
Starting static elaboration
Completed static elaboration
Compiling package standard
Compiling package std_logic_1164
Compiling package std_logic_arith
Compiling package std_logic_unsigned
Compiling package textio
Compiling architecture behavioral of entity nPC [npc_default]
Compiling architecture behavioral of entity PC [pc_default]
Compiling architecture behavioral of entity add [add_default]
Compiling architecture behavioral of entity IM [im_default]
Compiling architecture behavioral of entity RF [rf_default]
Compiling architecture behavioral of entity CU [cu_default]
Compiling architecture behavioral of entity SEU [seu_default]
Compiling architecture behavioral of entity MUX [mux_default]
Compiling architecture behavioral of entity ALU [alu_default]
Compiling architecture behavioral of entity Procesador2 [procesador2_default]
Compiling architecture behavior of entity tb_pr2
Time Resolution for simulation is 1ps.
Waiting for 1 sub-compilation(s) to finish...
Compiled 26 VHDL Units
Built simulation executable C:/Users/utp.CRIE/Desktop/procesado2/TB_Pr2_isim_beh.exe
Fuse Memory Usage: 34912 KB
Fuse CPU Usage: 452 ms
