Running: G:\X\14.7\ISE_DS\ISE\bin\nt64\unwrapped\fuse.exe -intstyle ise -incremental -o D:/Users/DAVID/Desktop/davidProcesador/pr4/procesado4/pr4_TB_isim_beh.exe -prj D:/Users/DAVID/Desktop/davidProcesador/pr4/procesado4/pr4_TB_beh.prj work.pr4_TB 
ISim P.20131013 (signature 0x7708f090)
Number of CPUs detected in this system: 8
Turning on mult-threading, number of parallel sub-compilation jobs: 16 
Determining compilation order of HDL files
Parsing VHDL file "D:/Users/DAVID/Desktop/davidProcesador/pr4/procesado4/WM.vhd" into library work
Parsing VHDL file "D:/Users/DAVID/Desktop/davidProcesador/pr4/procesado4/SEU.vhd" into library work
Parsing VHDL file "D:/Users/DAVID/Desktop/davidProcesador/pr4/procesado4/RF.vhd" into library work
Parsing VHDL file "D:/Users/DAVID/Desktop/davidProcesador/pr4/procesado4/PSRM.vhd" into library work
Parsing VHDL file "D:/Users/DAVID/Desktop/davidProcesador/pr4/procesado4/PSR.vhd" into library work
Parsing VHDL file "D:/Users/DAVID/Desktop/davidProcesador/pr4/procesado4/PC.vhd" into library work
Parsing VHDL file "D:/Users/DAVID/Desktop/davidProcesador/pr4/procesado4/nPC.vhd" into library work
Parsing VHDL file "D:/Users/DAVID/Desktop/davidProcesador/pr4/procesado4/MUX.vhd" into library work
Parsing VHDL file "D:/Users/DAVID/Desktop/davidProcesador/pr4/procesado4/IM.vhd" into library work
Parsing VHDL file "D:/Users/DAVID/Desktop/davidProcesador/pr4/procesado4/CU.vhd" into library work
Parsing VHDL file "D:/Users/DAVID/Desktop/davidProcesador/pr4/procesado4/ALU.vhd" into library work
Parsing VHDL file "D:/Users/DAVID/Desktop/davidProcesador/pr4/procesado4/add.vhd" into library work
Parsing VHDL file "D:/Users/DAVID/Desktop/davidProcesador/pr4/procesado4/Procesador4.vhd" into library work
Parsing VHDL file "D:/Users/DAVID/Desktop/davidProcesador/pr4/procesado4/pr4_TB.vhd" into library work
Starting static elaboration
Completed static elaboration
Compiling package standard
Compiling package std_logic_1164
Compiling package std_logic_arith
Compiling package std_logic_unsigned
Compiling package textio
Compiling package numeric_std
Compiling architecture behavioral of entity nPC [npc_default]
Compiling architecture behavioral of entity PC [pc_default]
Compiling architecture behavioral of entity add [add_default]
Compiling architecture behavioral of entity IM [im_default]
Compiling architecture behavioral of entity CU [cu_default]
Compiling architecture behavioral of entity SEU [seu_default]
Compiling architecture behavioral of entity WM [wm_default]
Compiling architecture behavioral of entity RF [rf_default]
Compiling architecture behavioral of entity PSR [psr_default]
Compiling architecture behavioral of entity MUX [mux_default]
Compiling architecture behavioral of entity PSRM [psrm_default]
Compiling architecture behavioral of entity ALU [alu_default]
Compiling architecture behavioral of entity Procesador4 [procesador4_default]
Compiling architecture behavior of entity pr4_tb
Time Resolution for simulation is 1ps.
Waiting for 3 sub-compilation(s) to finish...
Compiled 33 VHDL Units
Built simulation executable D:/Users/DAVID/Desktop/davidProcesador/pr4/procesado4/pr4_TB_isim_beh.exe
Fuse Memory Usage: 37936 KB
Fuse CPU Usage: 654 ms
